<?xml version="1.0" encoding="UTF-8"?>
<!-- Generated by org.testng.reporters.JUnitReportReporter -->
<testsuite hostname="swapnil-PC" name="tests.LoginTest" tests="1" failures="0" timestamp="16 Sep 2019 03:14:47 GMT" time="27.412" errors="0">
  <testcase name="doLoginTest" time="27.412" classname="tests.LoginTest"/>
</testsuite> <!-- tests.LoginTest -->
