<?xml version="1.0" encoding="UTF-8"?>
<!-- Generated by org.testng.reporters.JUnitReportReporter -->
<testsuite hostname="swapnil-PC" name="tests.PatientListingTest" tests="1" failures="0" timestamp="16 Sep 2019 03:14:47 GMT" time="3.905" errors="0">
  <testcase name="patientListingTest" time="3.905" classname="tests.PatientListingTest"/>
</testsuite> <!-- tests.PatientListingTest -->
